#! /c/Source/iverilog-install/bin/vvp
:ivl_version "12.0 (devel)" "(s20150603-1110-g18392a46)";
:ivl_delay_selection "TYPICAL";
:vpi_time_precision + 0;
:vpi_module "C:\iverilog\lib\ivl\system.vpi";
:vpi_module "C:\iverilog\lib\ivl\vhdl_sys.vpi";
:vpi_module "C:\iverilog\lib\ivl\vhdl_textio.vpi";
:vpi_module "C:\iverilog\lib\ivl\v2005_math.vpi";
:vpi_module "C:\iverilog\lib\ivl\va_math.vpi";
S_00000191fe3c2df0 .scope module, "geofence" "geofence" 2 1;
 .timescale 0 0;
    .port_info 0 /INPUT 1 "clk";
    .port_info 1 /INPUT 1 "reset";
    .port_info 2 /INPUT 10 "X";
    .port_info 3 /INPUT 10 "Y";
    .port_info 4 /OUTPUT 1 "valid";
    .port_info 5 /OUTPUT 1 "is_inside";
P_00000191fe414dd0 .param/l "DET_INSIDE" 0 2 22, C4<011>;
P_00000191fe414e08 .param/l "DONE" 0 2 23, C4<100>;
P_00000191fe414e40 .param/l "IDLE" 0 2 19, C4<000>;
P_00000191fe414e78 .param/l "POSITION_CAL" 0 2 21, C4<010>;
P_00000191fe414eb0 .param/l "RD_DATA" 0 2 20, C4<001>;
L_00000191fe418660 .functor AND 1, L_00000191fe47a830, L_00000191fe47a010, C4<1>, C4<1>;
L_00000191fe417e10 .functor AND 1, L_00000191fe47b9b0, L_00000191fe47b4b0, C4<1>, C4<1>;
o00000191fe41ef88 .functor BUFZ 10, C4<zzzzzzzzzz>; HiZ drive
v00000191fe3f15f0_0 .net "X", 9 0, o00000191fe41ef88;  0 drivers
o00000191fe41efb8 .functor BUFZ 10, C4<zzzzzzzzzz>; HiZ drive
v00000191fe3f28b0_0 .net "Y", 9 0, o00000191fe41efb8;  0 drivers
v00000191fe3f1690_0 .net *"_ivl_1", 0 0, L_00000191fe47b690;  1 drivers
L_00000191fe830550 .functor BUFT 1, C4<0000000000>, C4<0>, C4<0>, C4<0>;
v00000191fe3f14b0_0 .net *"_ivl_102", 9 0, L_00000191fe830550;  1 drivers
v00000191fe3f23b0_0 .net *"_ivl_103", 19 0, L_00000191fe47abf0;  1 drivers
L_00000191fe830598 .functor BUFT 1, C4<0000000000>, C4<0>, C4<0>, C4<0>;
v00000191fe3f1870_0 .net *"_ivl_106", 9 0, L_00000191fe830598;  1 drivers
v00000191fe3f1910_0 .net *"_ivl_107", 19 0, L_00000191fe47b2d0;  1 drivers
v00000191fe3f1e10_0 .net *"_ivl_110", 19 0, L_00000191fe47ad30;  1 drivers
v00000191fe3f2450_0 .net/s *"_ivl_113", 31 0, L_00000191fe47a5b0;  1 drivers
L_00000191fe8305e0 .functor BUFT 1, C4<00000000000000000000000000000000>, C4<0>, C4<0>, C4<0>;
v00000191fe3f29f0_0 .net/2s *"_ivl_115", 31 0, L_00000191fe8305e0;  1 drivers
L_00000191fe830628 .functor BUFT 1, C4<01>, C4<0>, C4<0>, C4<0>;
v00000191fe3f1eb0_0 .net/2s *"_ivl_119", 1 0, L_00000191fe830628;  1 drivers
L_00000191fe830118 .functor BUFT 1, C4<101>, C4<0>, C4<0>, C4<0>;
v00000191fe3f2d10_0 .net/2u *"_ivl_12", 2 0, L_00000191fe830118;  1 drivers
L_00000191fe830670 .functor BUFT 1, C4<00>, C4<0>, C4<0>, C4<0>;
v00000191fe3f2e50_0 .net/2s *"_ivl_121", 1 0, L_00000191fe830670;  1 drivers
v00000191fe3f1ff0_0 .net *"_ivl_123", 1 0, L_00000191fe47a650;  1 drivers
L_00000191fe8306b8 .functor BUFT 1, C4<01>, C4<0>, C4<0>, C4<0>;
v00000191fe3f2090_0 .net/2s *"_ivl_127", 1 0, L_00000191fe8306b8;  1 drivers
L_00000191fe830700 .functor BUFT 1, C4<00>, C4<0>, C4<0>, C4<0>;
v00000191fe3f2950_0 .net/2s *"_ivl_129", 1 0, L_00000191fe830700;  1 drivers
v00000191fe3f2130_0 .net *"_ivl_131", 1 0, L_00000191fe47a790;  1 drivers
L_00000191fe830748 .functor BUFT 1, C4<00>, C4<0>, C4<0>, C4<0>;
v00000191fe3f2b30_0 .net/2s *"_ivl_133", 1 0, L_00000191fe830748;  1 drivers
v00000191fe3f21d0_0 .net *"_ivl_135", 1 0, L_00000191fe47a8d0;  1 drivers
L_00000191fe830160 .functor BUFT 1, C4<100>, C4<0>, C4<0>, C4<0>;
v00000191fe3f2f90_0 .net/2u *"_ivl_16", 2 0, L_00000191fe830160;  1 drivers
v00000191fe3f24f0_0 .net *"_ivl_18", 0 0, L_00000191fe47a830;  1 drivers
L_00000191fe830088 .functor BUFT 1, C4<000>, C4<0>, C4<0>, C4<0>;
v00000191fe3f2ef0_0 .net/2u *"_ivl_2", 2 0, L_00000191fe830088;  1 drivers
L_00000191fe8301a8 .functor BUFT 1, C4<101>, C4<0>, C4<0>, C4<0>;
v00000191fe3f3030_0 .net/2u *"_ivl_22", 2 0, L_00000191fe8301a8;  1 drivers
L_00000191fe8301f0 .functor BUFT 1, C4<101>, C4<0>, C4<0>, C4<0>;
v00000191fe3f19b0_0 .net/2u *"_ivl_26", 2 0, L_00000191fe8301f0;  1 drivers
v00000191fe3f1a50_0 .net *"_ivl_28", 0 0, L_00000191fe47b9b0;  1 drivers
L_00000191fe830238 .functor BUFT 1, C4<000>, C4<0>, C4<0>, C4<0>;
v00000191fe3f1190_0 .net/2u *"_ivl_32", 2 0, L_00000191fe830238;  1 drivers
L_00000191fe830280 .functor BUFT 1, C4<001>, C4<0>, C4<0>, C4<0>;
v00000191fe3f1230_0 .net/2u *"_ivl_36", 2 0, L_00000191fe830280;  1 drivers
L_00000191fe8300d0 .functor BUFT 1, C4<001>, C4<0>, C4<0>, C4<0>;
v00000191fe3f1af0_0 .net/2u *"_ivl_4", 2 0, L_00000191fe8300d0;  1 drivers
L_00000191fe8302c8 .functor BUFT 1, C4<010>, C4<0>, C4<0>, C4<0>;
v00000191fe477270_0 .net/2u *"_ivl_40", 2 0, L_00000191fe8302c8;  1 drivers
L_00000191fe830310 .functor BUFT 1, C4<011>, C4<0>, C4<0>, C4<0>;
v00000191fe478030_0 .net/2u *"_ivl_44", 2 0, L_00000191fe830310;  1 drivers
L_00000191fe830358 .functor BUFT 1, C4<100>, C4<0>, C4<0>, C4<0>;
v00000191fe477ef0_0 .net/2u *"_ivl_48", 2 0, L_00000191fe830358;  1 drivers
v00000191fe477d10_0 .net *"_ivl_56", 19 0, v00000191fe478b70_0;  1 drivers
v00000191fe477b30_0 .net *"_ivl_6", 2 0, L_00000191fe47ac90;  1 drivers
v00000191fe477130_0 .net *"_ivl_61", 19 0, v00000191fe4787b0_0;  1 drivers
v00000191fe478490_0 .net *"_ivl_66", 19 0, v00000191fe477770_0;  1 drivers
v00000191fe477090_0 .net *"_ivl_67", 19 0, L_00000191fe47aab0;  1 drivers
L_00000191fe8303a0 .functor BUFT 1, C4<0000000000>, C4<0>, C4<0>, C4<0>;
v00000191fe478710_0 .net *"_ivl_70", 9 0, L_00000191fe8303a0;  1 drivers
v00000191fe4771d0_0 .net *"_ivl_71", 19 0, L_00000191fe47b550;  1 drivers
L_00000191fe8303e8 .functor BUFT 1, C4<0000000000>, C4<0>, C4<0>, C4<0>;
v00000191fe4788f0_0 .net *"_ivl_74", 9 0, L_00000191fe8303e8;  1 drivers
v00000191fe477db0_0 .net *"_ivl_75", 19 0, L_00000191fe47b370;  1 drivers
v00000191fe478cb0_0 .net *"_ivl_77", 19 0, L_00000191fe47baf0;  1 drivers
v00000191fe4776d0_0 .net *"_ivl_8", 2 0, L_00000191fe47afb0;  1 drivers
L_00000191fe830430 .functor BUFT 1, C4<0000000000>, C4<0>, C4<0>, C4<0>;
v00000191fe4780d0_0 .net *"_ivl_80", 9 0, L_00000191fe830430;  1 drivers
v00000191fe4774f0_0 .net *"_ivl_81", 19 0, L_00000191fe47ab50;  1 drivers
L_00000191fe830478 .functor BUFT 1, C4<0000000000>, C4<0>, C4<0>, C4<0>;
v00000191fe477310_0 .net *"_ivl_84", 9 0, L_00000191fe830478;  1 drivers
v00000191fe478530_0 .net *"_ivl_85", 19 0, L_00000191fe47b410;  1 drivers
v00000191fe478ad0_0 .net *"_ivl_88", 19 0, L_00000191fe47b5f0;  1 drivers
v00000191fe477bd0_0 .net *"_ivl_89", 19 0, L_00000191fe47bb90;  1 drivers
L_00000191fe8304c0 .functor BUFT 1, C4<0000000000>, C4<0>, C4<0>, C4<0>;
v00000191fe478f30_0 .net *"_ivl_92", 9 0, L_00000191fe8304c0;  1 drivers
v00000191fe478d50_0 .net *"_ivl_93", 19 0, L_00000191fe47a510;  1 drivers
L_00000191fe830508 .functor BUFT 1, C4<0000000000>, C4<0>, C4<0>, C4<0>;
v00000191fe478df0_0 .net *"_ivl_96", 9 0, L_00000191fe830508;  1 drivers
v00000191fe4778b0_0 .net *"_ivl_97", 19 0, L_00000191fe47b870;  1 drivers
v00000191fe478170_0 .net *"_ivl_99", 19 0, L_00000191fe47bc30;  1 drivers
o00000191fe41f978 .functor BUFZ 1, C4<z>; HiZ drive
v00000191fe478e90_0 .net "clk", 0 0, o00000191fe41f978;  0 drivers
v00000191fe477c70_0 .var "counter_reg", 2 0;
v00000191fe477590_0 .net "counter_wire", 2 0, L_00000191fe47b730;  1 drivers
v00000191fe4773b0_0 .net "cross_out", 0 0, L_00000191fe479f70;  1 drivers
v00000191fe478b70_0 .var "cross_product_in_input_point_1", 19 0;
v00000191fe477450_0 .net "cross_product_in_input_point_1_x", 9 0, L_00000191fe47a330;  1 drivers
v00000191fe477630_0 .net "cross_product_in_input_point_1_y", 9 0, L_00000191fe47a0b0;  1 drivers
v00000191fe4787b0_0 .var "cross_product_in_input_point_2", 19 0;
v00000191fe4785d0_0 .net "cross_product_in_input_point_2_x", 9 0, L_00000191fe47add0;  1 drivers
v00000191fe477a90_0 .net "cross_product_in_input_point_2_y", 9 0, L_00000191fe47a470;  1 drivers
v00000191fe477770_0 .var "cross_product_in_ref_point", 19 0;
v00000191fe477e50_0 .net "cross_product_in_ref_point_x", 9 0, L_00000191fe47b230;  1 drivers
v00000191fe478210_0 .net "cross_product_in_ref_point_y", 9 0, L_00000191fe47a3d0;  1 drivers
v00000191fe477f90_0 .net/s "cross_result", 19 0, L_00000191fe47bcd0;  1 drivers
v00000191fe4782b0_0 .var "current_state", 2 0;
v00000191fe478850_0 .net "det_inside_done_flag", 0 0, L_00000191fe417e10;  1 drivers
v00000191fe478350_0 .var/i "i", 31 0;
v00000191fe477950_0 .net "is_inside", 0 0, L_00000191fe47a970;  1 drivers
v00000191fe478c10_0 .var "is_inside_flag_reg", 0 0;
v00000191fe4783f0_0 .net "iteration_clear", 0 0, L_00000191fe47bd70;  1 drivers
v00000191fe477810_0 .var "next_state", 2 0;
v00000191fe4779f0_0 .var "pointer_reg", 2 0;
v00000191fe478670_0 .net "position_cal_done_flag", 0 0, L_00000191fe418660;  1 drivers
v00000191fe478990 .array "position_reg", 5 0, 19 0;
v00000191fe478a30_0 .net "rd_data_done_flag", 0 0, L_00000191fe47af10;  1 drivers
o00000191fe41ff18 .functor BUFZ 1, C4<z>; HiZ drive
v00000191fe47a290_0 .net "reset", 0 0, o00000191fe41ff18;  0 drivers
v00000191fe47a1f0_0 .net "state_DET_INSIDE", 0 0, L_00000191fe47b4b0;  1 drivers
v00000191fe47a150_0 .net "state_DONE", 0 0, L_00000191fe47b190;  1 drivers
v00000191fe47b910_0 .net "state_IDLE", 0 0, L_00000191fe47aa10;  1 drivers
v00000191fe479ed0_0 .net "state_POSITION_CAL", 0 0, L_00000191fe47a010;  1 drivers
v00000191fe47b0f0_0 .net "state_RD_DATA", 0 0, L_00000191fe47ba50;  1 drivers
v00000191fe47b7d0_0 .var "test_point_reg", 19 0;
v00000191fe47ae70_0 .net "valid", 0 0, L_00000191fe47a6f0;  1 drivers
v00000191fe478990_0 .array/port v00000191fe478990, 0;
v00000191fe478990_1 .array/port v00000191fe478990, 1;
E_00000191fe3f3370/0 .event anyedge, v00000191fe4782b0_0, v00000191fe477c70_0, v00000191fe478990_0, v00000191fe478990_1;
v00000191fe478990_2 .array/port v00000191fe478990, 2;
v00000191fe478990_3 .array/port v00000191fe478990, 3;
v00000191fe478990_4 .array/port v00000191fe478990, 4;
v00000191fe478990_5 .array/port v00000191fe478990, 5;
E_00000191fe3f3370/1 .event anyedge, v00000191fe478990_2, v00000191fe478990_3, v00000191fe478990_4, v00000191fe478990_5;
E_00000191fe3f3370/2 .event anyedge, v00000191fe4779f0_0, v00000191fe47b7d0_0;
E_00000191fe3f3370 .event/or E_00000191fe3f3370/0, E_00000191fe3f3370/1, E_00000191fe3f3370/2;
E_00000191fe3f3a70 .event posedge, v00000191fe47a290_0, v00000191fe478e90_0;
E_00000191fe3f34f0 .event posedge, v00000191fe478e90_0;
E_00000191fe3f47b0/0 .event anyedge, v00000191fe4782b0_0, v00000191fe47a290_0, v00000191fe478a30_0, v00000191fe477c70_0;
E_00000191fe3f47b0/1 .event anyedge, v00000191fe4773b0_0, v00000191fe47a1f0_0;
E_00000191fe3f47b0 .event/or E_00000191fe3f47b0/0, E_00000191fe3f47b0/1;
L_00000191fe47b690 .reduce/nor L_00000191fe47a010;
L_00000191fe47ac90 .arith/sum 3, v00000191fe477c70_0, L_00000191fe8300d0;
L_00000191fe47afb0 .functor MUXZ 3, v00000191fe477c70_0, L_00000191fe47ac90, L_00000191fe47bd70, C4<>;
L_00000191fe47b730 .functor MUXZ 3, L_00000191fe47afb0, L_00000191fe830088, L_00000191fe47b690, C4<>;
L_00000191fe47af10 .cmp/eq 3, v00000191fe477c70_0, L_00000191fe830118;
L_00000191fe47a830 .cmp/eq 3, v00000191fe477c70_0, L_00000191fe830160;
L_00000191fe47bd70 .cmp/eq 3, v00000191fe4779f0_0, L_00000191fe8301a8;
L_00000191fe47b9b0 .cmp/eq 3, v00000191fe477c70_0, L_00000191fe8301f0;
L_00000191fe47aa10 .cmp/eq 3, v00000191fe4782b0_0, L_00000191fe830238;
L_00000191fe47ba50 .cmp/eq 3, v00000191fe4782b0_0, L_00000191fe830280;
L_00000191fe47a010 .cmp/eq 3, v00000191fe4782b0_0, L_00000191fe8302c8;
L_00000191fe47b4b0 .cmp/eq 3, v00000191fe4782b0_0, L_00000191fe830310;
L_00000191fe47b190 .cmp/eq 3, v00000191fe4782b0_0, L_00000191fe830358;
L_00000191fe47a330 .part v00000191fe478b70_0, 10, 10;
L_00000191fe47a0b0 .part v00000191fe478b70_0, 0, 10;
L_00000191fe47add0 .part v00000191fe4787b0_0, 10, 10;
L_00000191fe47a470 .part v00000191fe4787b0_0, 0, 10;
L_00000191fe47b230 .part v00000191fe477770_0, 10, 10;
L_00000191fe47a3d0 .part v00000191fe477770_0, 0, 10;
L_00000191fe47aab0 .concat [ 10 10 0 0], L_00000191fe47a330, L_00000191fe8303a0;
L_00000191fe47b550 .concat [ 10 10 0 0], L_00000191fe47b230, L_00000191fe8303e8;
L_00000191fe47b370 .arith/sub 20, L_00000191fe47aab0, L_00000191fe47b550;
L_00000191fe47baf0 .concat [ 10 10 0 0], L_00000191fe47a470, L_00000191fe830430;
L_00000191fe47ab50 .concat [ 10 10 0 0], L_00000191fe47a3d0, L_00000191fe830478;
L_00000191fe47b410 .arith/sub 20, L_00000191fe47baf0, L_00000191fe47ab50;
L_00000191fe47b5f0 .arith/mult 20, L_00000191fe47b370, L_00000191fe47b410;
L_00000191fe47bb90 .concat [ 10 10 0 0], L_00000191fe47add0, L_00000191fe8304c0;
L_00000191fe47a510 .concat [ 10 10 0 0], L_00000191fe47b230, L_00000191fe830508;
L_00000191fe47b870 .arith/sub 20, L_00000191fe47bb90, L_00000191fe47a510;
L_00000191fe47bc30 .concat [ 10 10 0 0], L_00000191fe47a0b0, L_00000191fe830550;
L_00000191fe47abf0 .concat [ 10 10 0 0], L_00000191fe47a3d0, L_00000191fe830598;
L_00000191fe47b2d0 .arith/sub 20, L_00000191fe47bc30, L_00000191fe47abf0;
L_00000191fe47ad30 .arith/mult 20, L_00000191fe47b870, L_00000191fe47b2d0;
L_00000191fe47bcd0 .arith/sub 20, L_00000191fe47b5f0, L_00000191fe47ad30;
L_00000191fe47a5b0 .extend/s 32, L_00000191fe47bcd0;
L_00000191fe479f70 .cmp/gt.s 32, L_00000191fe47a5b0, L_00000191fe8305e0;
L_00000191fe47a650 .functor MUXZ 2, L_00000191fe830670, L_00000191fe830628, L_00000191fe47b190, C4<>;
L_00000191fe47a6f0 .part L_00000191fe47a650, 0, 1;
L_00000191fe47a790 .functor MUXZ 2, L_00000191fe830700, L_00000191fe8306b8, v00000191fe478c10_0, C4<>;
L_00000191fe47a8d0 .functor MUXZ 2, L_00000191fe830748, L_00000191fe47a790, L_00000191fe47b190, C4<>;
L_00000191fe47a970 .part L_00000191fe47a8d0, 0, 1;
    .scope S_00000191fe3c2df0;
T_0 ;
    %pushi/vec4 0, 0, 32;
    %store/vec4 v00000191fe478350_0, 0, 32;
    %end;
    .thread T_0;
    .scope S_00000191fe3c2df0;
T_1 ;
    %wait E_00000191fe3f3a70;
    %load/vec4 v00000191fe47a290_0;
    %flag_set/vec4 8;
    %jmp/0xz  T_1.0, 8;
    %pushi/vec4 0, 0, 3;
    %assign/vec4 v00000191fe477c70_0, 0;
    %jmp T_1.1;
T_1.0 ;
    %load/vec4 v00000191fe47a1f0_0;
    %flag_set/vec4 8;
    %jmp/0xz  T_1.2, 8;
    %load/vec4 v00000191fe478850_0;
    %flag_set/vec4 8;
    %jmp/0 T_1.4, 8;
    %pushi/vec4 0, 0, 3;
    %jmp/1 T_1.5, 8;
T_1.4 ; End of true expr.
    %load/vec4 v00000191fe477c70_0;
    %addi 1, 0, 3;
    %jmp/0 T_1.5, 8;
 ; End of false expr.
    %blend;
T_1.5;
    %assign/vec4 v00000191fe477c70_0, 0;
    %jmp T_1.3;
T_1.2 ;
    %load/vec4 v00000191fe4783f0_0;
    %flag_set/vec4 8;
    %jmp/0xz  T_1.6, 8;
    %load/vec4 v00000191fe478670_0;
    %flag_set/vec4 8;
    %jmp/0 T_1.8, 8;
    %pushi/vec4 0, 0, 3;
    %jmp/1 T_1.9, 8;
T_1.8 ; End of true expr.
    %load/vec4 v00000191fe477590_0;
    %jmp/0 T_1.9, 8;
 ; End of false expr.
    %blend;
T_1.9;
    %assign/vec4 v00000191fe477c70_0, 0;
    %jmp T_1.7;
T_1.6 ;
    %load/vec4 v00000191fe47b0f0_0;
    %flag_set/vec4 8;
    %jmp/0xz  T_1.10, 8;
    %load/vec4 v00000191fe478a30_0;
    %flag_set/vec4 8;
    %jmp/0 T_1.12, 8;
    %pushi/vec4 1, 0, 3;
    %jmp/1 T_1.13, 8;
T_1.12 ; End of true expr.
    %load/vec4 v00000191fe477c70_0;
    %addi 1, 0, 3;
    %jmp/0 T_1.13, 8;
 ; End of false expr.
    %blend;
T_1.13;
    %assign/vec4 v00000191fe477c70_0, 0;
    %jmp T_1.11;
T_1.10 ;
    %load/vec4 v00000191fe47b910_0;
    %flag_set/vec4 8;
    %jmp/0xz  T_1.14, 8;
    %pushi/vec4 0, 0, 3;
    %assign/vec4 v00000191fe477c70_0, 0;
    %jmp T_1.15;
T_1.14 ;
    %load/vec4 v00000191fe477c70_0;
    %assign/vec4 v00000191fe477c70_0, 0;
T_1.15 ;
T_1.11 ;
T_1.7 ;
T_1.3 ;
T_1.1 ;
    %jmp T_1;
    .thread T_1;
    .scope S_00000191fe3c2df0;
T_2 ;
    %wait E_00000191fe3f3a70;
    %load/vec4 v00000191fe47a290_0;
    %flag_set/vec4 8;
    %jmp/0xz  T_2.0, 8;
    %pushi/vec4 2, 0, 3;
    %assign/vec4 v00000191fe4779f0_0, 0;
    %jmp T_2.1;
T_2.0 ;
    %load/vec4 v00000191fe479ed0_0;
    %flag_set/vec4 8;
    %jmp/0xz  T_2.2, 8;
    %load/vec4 v00000191fe4783f0_0;
    %flag_set/vec4 8;
    %jmp/0 T_2.4, 8;
    %load/vec4 v00000191fe477590_0;
    %addi 1, 0, 3;
    %jmp/1 T_2.5, 8;
T_2.4 ; End of true expr.
    %load/vec4 v00000191fe4779f0_0;
    %addi 1, 0, 3;
    %jmp/0 T_2.5, 8;
 ; End of false expr.
    %blend;
T_2.5;
    %assign/vec4 v00000191fe4779f0_0, 0;
    %jmp T_2.3;
T_2.2 ;
    %pushi/vec4 2, 0, 3;
    %assign/vec4 v00000191fe4779f0_0, 0;
T_2.3 ;
T_2.1 ;
    %jmp T_2;
    .thread T_2;
    .scope S_00000191fe3c2df0;
T_3 ;
    %wait E_00000191fe3f3a70;
    %load/vec4 v00000191fe47a290_0;
    %flag_set/vec4 8;
    %jmp/0 T_3.0, 8;
    %pushi/vec4 0, 0, 3;
    %jmp/1 T_3.1, 8;
T_3.0 ; End of true expr.
    %load/vec4 v00000191fe477810_0;
    %jmp/0 T_3.1, 8;
 ; End of false expr.
    %blend;
T_3.1;
    %assign/vec4 v00000191fe4782b0_0, 0;
    %jmp T_3;
    .thread T_3;
    .scope S_00000191fe3c2df0;
T_4 ;
    %wait E_00000191fe3f47b0;
    %load/vec4 v00000191fe4782b0_0;
    %dup/vec4;
    %pushi/vec4 0, 0, 3;
    %cmp/u;
    %jmp/1 T_4.0, 6;
    %dup/vec4;
    %pushi/vec4 1, 0, 3;
    %cmp/u;
    %jmp/1 T_4.1, 6;
    %dup/vec4;
    %pushi/vec4 2, 0, 3;
    %cmp/u;
    %jmp/1 T_4.2, 6;
    %dup/vec4;
    %pushi/vec4 3, 0, 3;
    %cmp/u;
    %jmp/1 T_4.3, 6;
    %dup/vec4;
    %pushi/vec4 4, 0, 3;
    %cmp/u;
    %jmp/1 T_4.4, 6;
    %pushi/vec4 0, 0, 3;
    %store/vec4 v00000191fe477810_0, 0, 3;
    %jmp T_4.6;
T_4.0 ;
    %load/vec4 v00000191fe47a290_0;
    %nor/r;
    %flag_set/vec4 8;
    %jmp/0 T_4.7, 8;
    %pushi/vec4 1, 0, 3;
    %jmp/1 T_4.8, 8;
T_4.7 ; End of true expr.
    %pushi/vec4 0, 0, 3;
    %jmp/0 T_4.8, 8;
 ; End of false expr.
    %blend;
T_4.8;
    %store/vec4 v00000191fe477810_0, 0, 3;
    %jmp T_4.6;
T_4.1 ;
    %load/vec4 v00000191fe478a30_0;
    %flag_set/vec4 8;
    %jmp/0 T_4.9, 8;
    %pushi/vec4 2, 0, 3;
    %jmp/1 T_4.10, 8;
T_4.9 ; End of true expr.
    %pushi/vec4 1, 0, 3;
    %jmp/0 T_4.10, 8;
 ; End of false expr.
    %blend;
T_4.10;
    %store/vec4 v00000191fe477810_0, 0, 3;
    %jmp T_4.6;
T_4.2 ;
    %load/vec4 v00000191fe477c70_0;
    %cmpi/e 4, 0, 3;
    %flag_mov 8, 4;
    %jmp/0 T_4.11, 8;
    %pushi/vec4 3, 0, 3;
    %jmp/1 T_4.12, 8;
T_4.11 ; End of true expr.
    %pushi/vec4 2, 0, 3;
    %jmp/0 T_4.12, 8;
 ; End of false expr.
    %blend;
T_4.12;
    %store/vec4 v00000191fe477810_0, 0, 3;
    %jmp T_4.6;
T_4.3 ;
    %load/vec4 v00000191fe4773b0_0;
    %nor/r;
    %load/vec4 v00000191fe47a1f0_0;
    %and;
    %flag_set/vec4 8;
    %jmp/0 T_4.13, 8;
    %pushi/vec4 4, 0, 3;
    %jmp/1 T_4.14, 8;
T_4.13 ; End of true expr.
    %load/vec4 v00000191fe477c70_0;
    %pad/u 32;
    %cmpi/e 5, 0, 32;
    %flag_mov 9, 4;
    %jmp/0 T_4.15, 9;
    %pushi/vec4 4, 0, 3;
    %jmp/1 T_4.16, 9;
T_4.15 ; End of true expr.
    %pushi/vec4 3, 0, 3;
    %jmp/0 T_4.16, 9;
 ; End of false expr.
    %blend;
T_4.16;
    %jmp/0 T_4.14, 8;
 ; End of false expr.
    %blend;
T_4.14;
    %store/vec4 v00000191fe477810_0, 0, 3;
    %jmp T_4.6;
T_4.4 ;
    %pushi/vec4 0, 0, 3;
    %store/vec4 v00000191fe477810_0, 0, 3;
    %jmp T_4.6;
T_4.6 ;
    %pop/vec4 1;
    %jmp T_4;
    .thread T_4, $push;
    .scope S_00000191fe3c2df0;
T_5 ;
    %wait E_00000191fe3f34f0;
    %load/vec4 v00000191fe47a290_0;
    %flag_set/vec4 8;
    %jmp/0xz  T_5.0, 8;
    %pushi/vec4 0, 0, 32;
    %store/vec4 v00000191fe478350_0, 0, 32;
T_5.2 ;
    %load/vec4 v00000191fe478350_0;
    %cmpi/s 6, 0, 32;
    %jmp/0xz T_5.3, 5;
    %pushi/vec4 0, 0, 20;
    %ix/getv/s 3, v00000191fe478350_0;
    %ix/load 4, 0, 0; Constant delay
    %assign/vec4/a/d v00000191fe478990, 0, 4;
    %load/vec4 v00000191fe478350_0;
    %addi 1, 0, 32;
    %store/vec4 v00000191fe478350_0, 0, 32;
    %jmp T_5.2;
T_5.3 ;
    %jmp T_5.1;
T_5.0 ;
    %load/vec4 v00000191fe47b910_0;
    %flag_set/vec4 8;
    %jmp/0xz  T_5.4, 8;
    %pushi/vec4 0, 0, 32;
    %store/vec4 v00000191fe478350_0, 0, 32;
T_5.6 ;
    %load/vec4 v00000191fe478350_0;
    %cmpi/s 6, 0, 32;
    %jmp/0xz T_5.7, 5;
    %pushi/vec4 0, 0, 20;
    %ix/getv/s 3, v00000191fe478350_0;
    %ix/load 4, 0, 0; Constant delay
    %assign/vec4/a/d v00000191fe478990, 0, 4;
    %load/vec4 v00000191fe478350_0;
    %addi 1, 0, 32;
    %store/vec4 v00000191fe478350_0, 0, 32;
    %jmp T_5.6;
T_5.7 ;
    %jmp T_5.5;
T_5.4 ;
    %load/vec4 v00000191fe47b0f0_0;
    %flag_set/vec4 8;
    %jmp/0xz  T_5.8, 8;
    %load/vec4 v00000191fe3f15f0_0;
    %load/vec4 v00000191fe3f28b0_0;
    %concat/vec4; draw_concat_vec4
    %load/vec4 v00000191fe477c70_0;
    %pad/u 4;
    %ix/vec4 3;
    %ix/load 4, 0, 0; Constant delay
    %assign/vec4/a/d v00000191fe478990, 0, 4;
    %jmp T_5.9;
T_5.8 ;
    %load/vec4 v00000191fe479ed0_0;
    %flag_set/vec4 8;
    %jmp/0xz  T_5.10, 8;
    %load/vec4 v00000191fe4773b0_0;
    %flag_set/vec4 8;
    %jmp/0 T_5.12, 8;
    %load/vec4 v00000191fe4779f0_0;
    %pad/u 4;
    %ix/vec4 4;
    %load/vec4a v00000191fe478990, 4;
    %jmp/1 T_5.13, 8;
T_5.12 ; End of true expr.
    %load/vec4 v00000191fe477c70_0;
    %pad/u 4;
    %ix/vec4 4;
    %load/vec4a v00000191fe478990, 4;
    %jmp/0 T_5.13, 8;
 ; End of false expr.
    %blend;
T_5.13;
    %load/vec4 v00000191fe477c70_0;
    %pad/u 4;
    %ix/vec4 3;
    %ix/load 4, 0, 0; Constant delay
    %assign/vec4/a/d v00000191fe478990, 0, 4;
    %load/vec4 v00000191fe4773b0_0;
    %flag_set/vec4 8;
    %jmp/0 T_5.14, 8;
    %load/vec4 v00000191fe477c70_0;
    %pad/u 4;
    %ix/vec4 4;
    %load/vec4a v00000191fe478990, 4;
    %jmp/1 T_5.15, 8;
T_5.14 ; End of true expr.
    %load/vec4 v00000191fe4779f0_0;
    %pad/u 4;
    %ix/vec4 4;
    %load/vec4a v00000191fe478990, 4;
    %jmp/0 T_5.15, 8;
 ; End of false expr.
    %blend;
T_5.15;
    %load/vec4 v00000191fe4779f0_0;
    %pad/u 4;
    %ix/vec4 3;
    %ix/load 4, 0, 0; Constant delay
    %assign/vec4/a/d v00000191fe478990, 0, 4;
    %jmp T_5.11;
T_5.10 ;
    %pushi/vec4 0, 0, 32;
    %store/vec4 v00000191fe478350_0, 0, 32;
T_5.16 ;
    %load/vec4 v00000191fe478350_0;
    %cmpi/s 6, 0, 32;
    %jmp/0xz T_5.17, 5;
    %ix/getv/s 4, v00000191fe478350_0;
    %load/vec4a v00000191fe478990, 4;
    %ix/getv/s 3, v00000191fe478350_0;
    %ix/load 4, 0, 0; Constant delay
    %assign/vec4/a/d v00000191fe478990, 0, 4;
    %load/vec4 v00000191fe478350_0;
    %addi 1, 0, 32;
    %store/vec4 v00000191fe478350_0, 0, 32;
    %jmp T_5.16;
T_5.17 ;
T_5.11 ;
T_5.9 ;
T_5.5 ;
T_5.1 ;
    %jmp T_5;
    .thread T_5;
    .scope S_00000191fe3c2df0;
T_6 ;
    %wait E_00000191fe3f3a70;
    %load/vec4 v00000191fe47a290_0;
    %flag_set/vec4 8;
    %jmp/0 T_6.0, 8;
    %pushi/vec4 0, 0, 20;
    %jmp/1 T_6.1, 8;
T_6.0 ; End of true expr.
    %load/vec4 v00000191fe47b910_0;
    %flag_set/vec4 9;
    %jmp/0 T_6.2, 9;
    %load/vec4 v00000191fe3f15f0_0;
    %load/vec4 v00000191fe3f28b0_0;
    %concat/vec4; draw_concat_vec4
    %jmp/1 T_6.3, 9;
T_6.2 ; End of true expr.
    %load/vec4 v00000191fe47b7d0_0;
    %jmp/0 T_6.3, 9;
 ; End of false expr.
    %blend;
T_6.3;
    %jmp/0 T_6.1, 8;
 ; End of false expr.
    %blend;
T_6.1;
    %assign/vec4 v00000191fe47b7d0_0, 0;
    %jmp T_6;
    .thread T_6;
    .scope S_00000191fe3c2df0;
T_7 ;
    %wait E_00000191fe3f3a70;
    %load/vec4 v00000191fe47a290_0;
    %flag_set/vec4 8;
    %jmp/0 T_7.0, 8;
    %pushi/vec4 0, 0, 2;
    %jmp/1 T_7.1, 8;
T_7.0 ; End of true expr.
    %load/vec4 v00000191fe47b910_0;
    %flag_set/vec4 9;
    %jmp/0 T_7.2, 9;
    %pushi/vec4 0, 0, 2;
    %jmp/1 T_7.3, 9;
T_7.2 ; End of true expr.
    %load/vec4 v00000191fe4773b0_0;
    %load/vec4 v00000191fe478850_0;
    %and;
    %flag_set/vec4 10;
    %jmp/0 T_7.4, 10;
    %pushi/vec4 1, 0, 2;
    %jmp/1 T_7.5, 10;
T_7.4 ; End of true expr.
    %load/vec4 v00000191fe478c10_0;
    %pad/u 2;
    %jmp/0 T_7.5, 10;
 ; End of false expr.
    %blend;
T_7.5;
    %jmp/0 T_7.3, 9;
 ; End of false expr.
    %blend;
T_7.3;
    %jmp/0 T_7.1, 8;
 ; End of false expr.
    %blend;
T_7.1;
    %pad/u 1;
    %assign/vec4 v00000191fe478c10_0, 0;
    %jmp T_7;
    .thread T_7;
    .scope S_00000191fe3c2df0;
T_8 ;
    %wait E_00000191fe3f3370;
    %load/vec4 v00000191fe4782b0_0;
    %dup/vec4;
    %pushi/vec4 2, 0, 3;
    %cmp/u;
    %jmp/1 T_8.0, 6;
    %dup/vec4;
    %pushi/vec4 3, 0, 3;
    %cmp/u;
    %jmp/1 T_8.1, 6;
    %pushi/vec4 0, 0, 20;
    %store/vec4 v00000191fe478b70_0, 0, 20;
    %pushi/vec4 0, 0, 20;
    %store/vec4 v00000191fe4787b0_0, 0, 20;
    %pushi/vec4 0, 0, 20;
    %store/vec4 v00000191fe477770_0, 0, 20;
    %jmp T_8.3;
T_8.0 ;
    %load/vec4 v00000191fe477c70_0;
    %pad/u 4;
    %ix/vec4 4;
    %load/vec4a v00000191fe478990, 4;
    %store/vec4 v00000191fe478b70_0, 0, 20;
    %load/vec4 v00000191fe4779f0_0;
    %pad/u 4;
    %ix/vec4 4;
    %load/vec4a v00000191fe478990, 4;
    %store/vec4 v00000191fe4787b0_0, 0, 20;
    %ix/load 4, 0, 0;
    %flag_set/imm 4, 0;
    %load/vec4a v00000191fe478990, 4;
    %store/vec4 v00000191fe477770_0, 0, 20;
    %jmp T_8.3;
T_8.1 ;
    %load/vec4 v00000191fe47b7d0_0;
    %store/vec4 v00000191fe478b70_0, 0, 20;
    %load/vec4 v00000191fe477c70_0;
    %pad/u 32;
    %cmpi/e 5, 0, 32;
    %flag_mov 8, 4;
    %jmp/0 T_8.4, 8;
    %ix/load 4, 0, 0;
    %flag_set/imm 4, 0;
    %load/vec4a v00000191fe478990, 4;
    %jmp/1 T_8.5, 8;
T_8.4 ; End of true expr.
    %load/vec4 v00000191fe477c70_0;
    %pad/u 33;
    %addi 1, 0, 33;
    %ix/vec4 4;
    %load/vec4a v00000191fe478990, 4;
    %jmp/0 T_8.5, 8;
 ; End of false expr.
    %blend;
T_8.5;
    %store/vec4 v00000191fe4787b0_0, 0, 20;
    %load/vec4 v00000191fe477c70_0;
    %pad/u 4;
    %ix/vec4 4;
    %load/vec4a v00000191fe478990, 4;
    %store/vec4 v00000191fe477770_0, 0, 20;
    %jmp T_8.3;
T_8.3 ;
    %pop/vec4 1;
    %jmp T_8;
    .thread T_8, $push;
# The file index is used to find the file name in the following table.
:file_names 3;
    "N/A";
    "<interactive>";
    "geofence.v";
